# JRE version: Java(TM) SE Runtime Environment (8.0_112-b15) (build 1.8.0_112-b15)
# Java VM: Java HotSpot(TM) Client VM (25.112-b15 mixed mode, sharing windows-x86 )
Heap:
 def new generation   total 7616K, used 5934K [0x04600000, 0x04e40000, 0x09b50000)
  eden space 6784K,  86% used [0x04600000, 0x04bb4f68, 0x04ca0000)
  from space 832K,  10% used [0x04d70000, 0x04d86af8, 0x04e40000)
  to   space 832K,   0% used [0x04ca0000, 0x04ca0000, 0x04d70000)
 tenured generation   total 16804K, used 13359K [0x09b50000, 0x0abb9000, 0x14600000)
   the space 16804K,  79% used [0x09b50000, 0x0a85bd98, 0x0a85be00, 0x0abb9000)
 Metaspace       used 1654K, capacity 3077K, committed 3136K, reserved 4480K
GC Heap History (10 events):
Event: 10.720 GC heap before
{Heap before GC invocations=210 (full 20):
 def new generation   total 7616K, used 6866K [0x04600000, 0x04e40000, 0x09b50000)
  eden space 6784K, 100% used [0x04600000, 0x04ca0000, 0x04ca0000)
  from space 832K,   9% used [0x04ca0000, 0x04cb49e8, 0x04d70000)
  to   space 832K,   0% used [0x04d70000, 0x04d70000, 0x04e40000)
 tenured generation   total 16804K, used 8679K [0x09b50000, 0x0abb9000, 0x14600000)
   the space 16804K,  51% used [0x09b50000, 0x0a3c9d58, 0x0a3c9e00, 0x0abb9000)
 Metaspace       used 1630K, capacity 3077K, committed 3136K, reserved 4480K
Event: 10.721 GC heap after
Heap after GC invocations=211 (full 20):
 def new generation   total 7616K, used 51K [0x04600000, 0x04e40000, 0x09b50000)
  eden space 6784K,   0% used [0x04600000, 0x04600000, 0x04ca0000)
  from space 832K,   6% used [0x04d70000, 0x04d7ce60, 0x04e40000)
  to   space 832K,   0% used [0x04ca0000, 0x04ca0000, 0x04d70000)
 tenured generation   total 16804K, used 9849K [0x09b50000, 0x0abb9000, 0x14600000)
   the space 16804K,  58% used [0x09b50000, 0x0a4ee568, 0x0a4ee600, 0x0abb9000)
 Metaspace       used 1630K, capacity 3077K, committed 3136K, reserved 4480K
}
Event: 10.788 GC heap before
{Heap before GC invocations=211 (full 20):
 def new generation   total 7616K, used 6831K [0x04600000, 0x04e40000, 0x09b50000)
  eden space 6784K,  99% used [0x04600000, 0x04c9ee80, 0x04ca0000)
  from space 832K,   6% used [0x04d70000, 0x04d7ce60, 0x04e40000)
  to   space 832K,   0% used [0x04ca0000, 0x04ca0000, 0x04d70000)
 tenured generation   total 16804K, used 9849K [0x09b50000, 0x0abb9000, 0x14600000)
   the space 16804K,  58% used [0x09b50000, 0x0a4ee568, 0x0a4ee600, 0x0abb9000)
 Metaspace       used 1630K, capacity 3077K, committed 3136K, reserved 4480K
Event: 10.788 GC heap after
Heap after GC invocations=212 (full 20):
 def new generation   total 7616K, used 52K [0x04600000, 0x04e40000, 0x09b50000)
  eden space 6784K,   0% used [0x04600000, 0x04600000, 0x04ca0000)
  from space 832K,   6% used [0x04ca0000, 0x04cad198, 0x04d70000)
  to   space 832K,   0% used [0x04d70000, 0x04d70000, 0x04e40000)
 tenured generation   total 16804K, used 11019K [0x09b50000, 0x0abb9000, 0x14600000)
   the space 16804K,  65% used [0x09b50000, 0x0a612d78, 0x0a612e00, 0x0abb9000)
 Metaspace       used 1630K, capacity 3077K, committed 3136K, reserved 4480K
}
Event: 10.829 GC heap before
{Heap before GC invocations=212 (full 20):
 def new generation   total 7616K, used 6836K [0x04600000, 0x04e40000, 0x09b50000)
  eden space 6784K, 100% used [0x04600000, 0x04ca0000, 0x04ca0000)
  from space 832K,   6% used [0x04ca0000, 0x04cad198, 0x04d70000)
  to   space 832K,   0% used [0x04d70000, 0x04d70000, 0x04e40000)
 tenured generation   total 16804K, used 11019K [0x09b50000, 0x0abb9000, 0x14600000)
   the space 16804K,  65% used [0x09b50000, 0x0a612d78, 0x0a612e00, 0x0abb9000)
 Metaspace       used 1630K, capacity 3077K, committed 3136K, reserved 4480K
Event: 10.829 GC heap after
Heap after GC invocations=213 (full 20):
 def new generation   total 7616K, used 64K [0x04600000, 0x04e40000, 0x09b50000)
  eden space 6784K,   0% used [0x04600000, 0x04600000, 0x04ca0000)
  from space 832K,   7% used [0x04d70000, 0x04d80198, 0x04e40000)
  to   space 832K,   0% used [0x04ca0000, 0x04ca0000, 0x04d70000)
 tenured generation   total 16804K, used 11019K [0x09b50000, 0x0abb9000, 0x14600000)
   the space 16804K,  65% used [0x09b50000, 0x0a612d78, 0x0a612e00, 0x0abb9000)
 Metaspace       used 1630K, capacity 3077K, committed 3136K, reserved 4480K
}
Event: 10.867 GC heap before
{Heap before GC invocations=213 (full 20):
 def new generation   total 7616K, used 6848K [0x04600000, 0x04e40000, 0x09b50000)
  eden space 6784K, 100% used [0x04600000, 0x04ca0000, 0x04ca0000)
  from space 832K,   7% used [0x04d70000, 0x04d80198, 0x04e40000)
  to   space 832K,   0% used [0x04ca0000, 0x04ca0000, 0x04d70000)
 tenured generation   total 16804K, used 11019K [0x09b50000, 0x0abb9000, 0x14600000)
   the space 16804K,  65% used [0x09b50000, 0x0a612d78, 0x0a612e00, 0x0abb9000)
 Metaspace       used 1630K, capacity 3077K, committed 3136K, reserved 4480K
Event: 10.868 GC heap after
Heap after GC invocations=214 (full 20):
 def new generation   total 7616K, used 44K [0x04600000, 0x04e40000, 0x09b50000)
  eden space 6784K,   0% used [0x04600000, 0x04600000, 0x04ca0000)
  from space 832K,   5% used [0x04ca0000, 0x04cab1d8, 0x04d70000)
  to   space 832K,   0% used [0x04d70000, 0x04d70000, 0x04e40000)
 tenured generation   total 16804K, used 12189K [0x09b50000, 0x0abb9000, 0x14600000)
   the space 16804K,  72% used [0x09b50000, 0x0a737588, 0x0a737600, 0x0abb9000)
 Metaspace       used 1630K, capacity 3077K, committed 3136K, reserved 4480K
}
Event: 10.924 GC heap before
{Heap before GC invocations=214 (full 20):
 def new generation   total 7616K, used 6828K [0x04600000, 0x04e40000, 0x09b50000)
  eden space 6784K, 100% used [0x04600000, 0x04ca0000, 0x04ca0000)
  from space 832K,   5% used [0x04ca0000, 0x04cab1d8, 0x04d70000)
  to   space 832K,   0% used [0x04d70000, 0x04d70000, 0x04e40000)
 tenured generation   total 16804K, used 12189K [0x09b50000, 0x0abb9000, 0x14600000)
   the space 16804K,  72% used [0x09b50000, 0x0a737588, 0x0a737600, 0x0abb9000)
 Metaspace       used 1634K, capacity 3077K, committed 3136K, reserved 4480K
Event: 10.926 GC heap after
Heap after GC invocations=215 (full 20):
 def new generation   total 7616K, used 90K [0x04600000, 0x04e40000, 0x09b50000)
  eden space 6784K,   0% used [0x04600000, 0x04600000, 0x04ca0000)
  from space 832K,  10% used [0x04d70000, 0x04d86af8, 0x04e40000)
  to   space 832K,   0% used [0x04ca0000, 0x04ca0000, 0x04d70000)
 tenured generation   total 16804K, used 13359K [0x09b50000, 0x0abb9000, 0x14600000)
   the space 16804K,  79% used [0x09b50000, 0x0a85bd98, 0x0a85be00, 0x0abb9000)
 Metaspace       used 1634K, capacity 3077K, committed 3136K, reserved 4480K
}

