# JRE version: Java(TM) SE Runtime Environment (8.0_112-b15) (build 1.8.0_112-b15)
# Java VM: Java HotSpot(TM) Client VM (25.112-b15 mixed mode, sharing windows-x86 )
Heap:
 def new generation   total 6848K, used 6144K [0x04400000, 0x04b60000, 0x09950000)
  eden space 6144K, 100% used [0x04400000, 0x04a00000, 0x04a00000)
  from space 704K,   0% used [0x04a00000, 0x04a00000, 0x04ab0000)
  to   space 704K,   0% used [0x04ab0000, 0x04ab0000, 0x04b60000)
 tenured generation   total 14924K, used 6353K [0x09950000, 0x0a7e3000, 0x14400000)
   the space 14924K,  42% used [0x09950000, 0x09f844b0, 0x09f84600, 0x0a7e3000)
 Metaspace       used 1652K, capacity 3077K, committed 3136K, reserved 4480K
GC Heap History (10 events):
Event: 12.193 GC heap before
{Heap before GC invocations=275 (full 27):
 def new generation   total 6848K, used 6238K [0x04400000, 0x04b60000, 0x09950000)
  eden space 6144K, 100% used [0x04400000, 0x04a00000, 0x04a00000)
  from space 704K,  13% used [0x04ab0000, 0x04ac7ab0, 0x04b60000)
  to   space 704K,   0% used [0x04a00000, 0x04a00000, 0x04ab0000)
 tenured generation   total 14924K, used 12203K [0x09950000, 0x0a7e3000, 0x14400000)
   the space 14924K,  81% used [0x09950000, 0x0a53ac60, 0x0a53ae00, 0x0a7e3000)
 Metaspace       used 1630K, capacity 3077K, committed 3136K, reserved 4480K
Event: 12.194 GC heap after
Heap after GC invocations=276 (full 27):
 def new generation   total 6848K, used 97K [0x04400000, 0x04b60000, 0x09950000)
  eden space 6144K,   0% used [0x04400000, 0x04400000, 0x04a00000)
  from space 704K,  13% used [0x04a00000, 0x04a18408, 0x04ab0000)
  to   space 704K,   0% used [0x04ab0000, 0x04ab0000, 0x04b60000)
 tenured generation   total 14924K, used 12203K [0x09950000, 0x0a7e3000, 0x14400000)
   the space 14924K,  81% used [0x09950000, 0x0a53ac60, 0x0a53ae00, 0x0a7e3000)
 Metaspace       used 1630K, capacity 3077K, committed 3136K, reserved 4480K
}
Event: 12.246 GC heap before
{Heap before GC invocations=276 (full 27):
 def new generation   total 6848K, used 6241K [0x04400000, 0x04b60000, 0x09950000)
  eden space 6144K, 100% used [0x04400000, 0x04a00000, 0x04a00000)
  from space 704K,  13% used [0x04a00000, 0x04a18498, 0x04ab0000)
  to   space 704K,   0% used [0x04ab0000, 0x04ab0000, 0x04b60000)
 tenured generation   total 14924K, used 12203K [0x09950000, 0x0a7e3000, 0x14400000)
   the space 14924K,  81% used [0x09950000, 0x0a53ac60, 0x0a53ae00, 0x0a7e3000)
 Metaspace       used 1630K, capacity 3077K, committed 3136K, reserved 4480K
Event: 12.247 GC heap after
Heap after GC invocations=277 (full 27):
 def new generation   total 6848K, used 76K [0x04400000, 0x04b60000, 0x09950000)
  eden space 6144K,   0% used [0x04400000, 0x04400000, 0x04a00000)
  from space 704K,  10% used [0x04ab0000, 0x04ac32d8, 0x04b60000)
  to   space 704K,   0% used [0x04a00000, 0x04a00000, 0x04ab0000)
 tenured generation   total 14924K, used 13373K [0x09950000, 0x0a7e3000, 0x14400000)
   the space 14924K,  89% used [0x09950000, 0x0a65f470, 0x0a65f600, 0x0a7e3000)
 Metaspace       used 1630K, capacity 3077K, committed 3136K, reserved 4480K
}
Event: 12.283 GC heap before
{Heap before GC invocations=277 (full 27):
 def new generation   total 6848K, used 6220K [0x04400000, 0x04b60000, 0x09950000)
  eden space 6144K,  99% used [0x04400000, 0x049fffb0, 0x04a00000)
  from space 704K,  10% used [0x04ab0000, 0x04ac32d8, 0x04b60000)
  to   space 704K,   0% used [0x04a00000, 0x04a00000, 0x04ab0000)
 tenured generation   total 14924K, used 13373K [0x09950000, 0x0a7e3000, 0x14400000)
   the space 14924K,  89% used [0x09950000, 0x0a65f470, 0x0a65f600, 0x0a7e3000)
 Metaspace       used 1630K, capacity 3077K, committed 3136K, reserved 4480K
Event: 12.284 GC heap after
Heap after GC invocations=278 (full 27):
 def new generation   total 6848K, used 65K [0x04400000, 0x04b60000, 0x09950000)
  eden space 6144K,   0% used [0x04400000, 0x04400000, 0x04a00000)
  from space 704K,   9% used [0x04a00000, 0x04a104b8, 0x04ab0000)
  to   space 704K,   0% used [0x04ab0000, 0x04ab0000, 0x04b60000)
 tenured generation   total 14924K, used 14543K [0x09950000, 0x0a7e3000, 0x14400000)
   the space 14924K,  97% used [0x09950000, 0x0a783c80, 0x0a783e00, 0x0a7e3000)
 Metaspace       used 1630K, capacity 3077K, committed 3136K, reserved 4480K
}
Event: 12.323 GC heap before
{Heap before GC invocations=278 (full 27):
 def new generation   total 6848K, used 6209K [0x04400000, 0x04b60000, 0x09950000)
  eden space 6144K, 100% used [0x04400000, 0x04a00000, 0x04a00000)
  from space 704K,   9% used [0x04a00000, 0x04a104b8, 0x04ab0000)
  to   space 704K,   0% used [0x04ab0000, 0x04ab0000, 0x04b60000)
 tenured generation   total 14924K, used 14543K [0x09950000, 0x0a7e3000, 0x14400000)
   the space 14924K,  97% used [0x09950000, 0x0a783c80, 0x0a783e00, 0x0a7e3000)
 Metaspace       used 1630K, capacity 3077K, committed 3136K, reserved 4480K
Event: 12.323 GC heap after
Heap after GC invocations=279 (full 27):
 def new generation   total 6848K, used 97K [0x04400000, 0x04b60000, 0x09950000)
  eden space 6144K,   0% used [0x04400000, 0x04400000, 0x04a00000)
  from space 704K,  13% used [0x04ab0000, 0x04ac84d8, 0x04b60000)
  to   space 704K,   0% used [0x04a00000, 0x04a00000, 0x04ab0000)
 tenured generation   total 14924K, used 14543K [0x09950000, 0x0a7e3000, 0x14400000)
   the space 14924K,  97% used [0x09950000, 0x0a783c80, 0x0a783e00, 0x0a7e3000)
 Metaspace       used 1630K, capacity 3077K, committed 3136K, reserved 4480K
}
Event: 12.375 GC heap before
{Heap before GC invocations=279 (full 27):
 def new generation   total 6848K, used 6241K [0x04400000, 0x04b60000, 0x09950000)
  eden space 6144K, 100% used [0x04400000, 0x04a00000, 0x04a00000)
  from space 704K,  13% used [0x04ab0000, 0x04ac84d8, 0x04b60000)
  to   space 704K,   0% used [0x04a00000, 0x04a00000, 0x04ab0000)
 tenured generation   total 14924K, used 14543K [0x09950000, 0x0a7e3000, 0x14400000)
   the space 14924K,  97% used [0x09950000, 0x0a783c80, 0x0a783e00, 0x0a7e3000)
 Metaspace       used 1630K, capacity 3077K, committed 3136K, reserved 4480K
Event: 12.384 GC heap after
Heap after GC invocations=280 (full 28):
 def new generation   total 6848K, used 0K [0x04400000, 0x04b60000, 0x09950000)
  eden space 6144K,   0% used [0x04400000, 0x04400000, 0x04a00000)
  from space 704K,   0% used [0x04a00000, 0x04a00000, 0x04ab0000)
  to   space 704K,   0% used [0x04ab0000, 0x04ab0000, 0x04b60000)
 tenured generation   total 14924K, used 6353K [0x09950000, 0x0a7e3000, 0x14400000)
   the space 14924K,  42% used [0x09950000, 0x09f844b0, 0x09f84600, 0x0a7e3000)
 Metaspace       used 1630K, capacity 3077K, committed 3136K, reserved 4480K
}

